#
# A fatal error has been detected by the Java Runtime Environment:
#
#  Internal Error (javaClasses.cpp:129), pid=8240, tid=10280
#  fatal error: Invalid layout of preloaded class
#
# JRE version: 7.0_25-b16
# Java VM: Java HotSpot(TM) 64-Bit Server VM (23.25-b01 mixed mode windows-amd64 compressed oops)
# Failed to write core dump. Minidumps are not enabled by default on client versions of Windows
#
# If you would like to submit a bug report, please visit:
#   http://bugreport.sun.com/bugreport/crash.jsp
#

---------------  T H R E A D  ---------------

Current thread (0x000000000025f000):  JavaThread "Unknown thread" [_thread_in_vm, id=10280, stack(0x00000000028d0000,0x00000000029d0000)]

Stack: [0x00000000028d0000,0x00000000029d0000]

---------------  P R O C E S S  ---------------

Java Threads: ( => current thread )

Other Threads:

=>0x000000000025f000 (exited) JavaThread "Unknown thread" [_thread_in_vm, id=10280, stack(0x00000000028d0000,0x00000000029d0000)]

VM state:not at safepoint (not fully initialized)

VM Mutex/Monitor currently owned by a thread: None

GC Heap History (0 events):
No events

Deoptimization events (0 events):
No events

Internal exceptions (0 events):
No events

Events (10 events):
Event: 0.013 loading class 0x0000000002620d30 done
Event: 0.013 loading class 0x00000000025e3210 done
Event: 0.013 loading class 0x00000000025e31e0
Event: 0.014 loading class 0x0000000002629d50
Event: 0.014 loading class 0x0000000002629d50 done
Event: 0.014 loading class 0x0000000002629d90
Event: 0.014 loading class 0x0000000002629d90 done
Event: 0.014 loading class 0x0000000002670fe0
Event: 0.014 loading class 0x0000000002670fe0 done
Event: 0.014 loading class 0x00000000025e31e0 done


Dynamic libraries:
0x000000013f810000 - 0x000000013f843000 	C:\Program Files\Java\jdk1.7.0_25\bin\javaw.exe
0x0000000077540000 - 0x00000000776e9000 	C:\Windows\SYSTEM32\ntdll.dll
0x0000000077320000 - 0x000000007743f000 	C:\Windows\system32\kernel32.dll
0x000007fefd6a0000 - 0x000007fefd70b000 	C:\Windows\system32\KERNELBASE.dll
0x000007fefeaa0000 - 0x000007fefeb7b000 	C:\Windows\system32\ADVAPI32.dll
0x000007fefd960000 - 0x000007fefd9ff000 	C:\Windows\system32\msvcrt.dll
0x000007fefdc10000 - 0x000007fefdc2f000 	C:\Windows\SYSTEM32\sechost.dll
0x000007fefd750000 - 0x000007fefd87d000 	C:\Windows\system32\RPCRT4.dll
0x0000000077440000 - 0x000000007753a000 	C:\Windows\system32\USER32.dll
0x000007feff010000 - 0x000007feff077000 	C:\Windows\system32\GDI32.dll
0x000007feff1c0000 - 0x000007feff1ce000 	C:\Windows\system32\LPK.dll
0x000007fefdc30000 - 0x000007fefdcf9000 	C:\Windows\system32\USP10.dll
0x000007fefc4f0000 - 0x000007fefc6e4000 	C:\Windows\WinSxS\amd64_microsoft.windows.common-controls_6595b64144ccf1df_6.0.7601.17514_none_fa396087175ac9ac\COMCTL32.dll
0x000007fefee30000 - 0x000007fefeea1000 	C:\Windows\system32\SHLWAPI.dll
0x000007feff190000 - 0x000007feff1be000 	C:\Windows\system32\IMM32.DLL
0x000007feff080000 - 0x000007feff189000 	C:\Windows\system32\MSCTF.dll
0x000007fefd2d0000 - 0x000007fefd316000 	C:\Windows\system32\nvinitx.dll
0x0000000062840000 - 0x0000000062911000 	C:\Program Files\Java\jdk1.7.0_25\jre\bin\msvcr100.dll
0x000000005eef0000 - 0x000000005f5ff000 	C:\Program Files\Java\jdk1.7.0_25\jre\bin\server\jvm.dll
0x000007fef8d80000 - 0x000007fef8d89000 	C:\Windows\system32\WSOCK32.dll
0x000007feff530000 - 0x000007feff57d000 	C:\Windows\system32\WS2_32.dll
0x000007fefdd00000 - 0x000007fefdd08000 	C:\Windows\system32\NSI.dll
0x000007fefb2e0000 - 0x000007fefb31b000 	C:\Windows\system32\WINMM.dll
0x0000000077710000 - 0x0000000077717000 	C:\Windows\system32\PSAPI.DLL
0x0000000070030000 - 0x000000007003f000 	C:\Program Files\Java\jdk1.7.0_25\jre\bin\verify.dll
0x0000000066650000 - 0x0000000066678000 	C:\Program Files\Java\jdk1.7.0_25\jre\bin\java.dll
0x0000000066960000 - 0x0000000066975000 	C:\Program Files\Java\jdk1.7.0_25\jre\bin\zip.dll

VM Arguments:
jvm_args: -Dfile.encoding=UTF-8 -Xbootclasspath:D:\Android\android-sdk\platforms\android-14\android.jar 
java_command: org.eclipse.jdt.internal.junit.runner.RemoteTestRunner -version 3 -port 63296 -testLoaderClass org.eclipse.jdt.internal.junit4.runner.JUnit4TestLoader -loaderpluginname org.eclipse.jdt.junit4.runtime -classNames com.gqq.util.DateUtilTest
Launcher Type: SUN_STANDARD

Environment Variables:
JAVA_HOME=c:\Program Files\Java\jdk1.7.0_25
CLASSPATH=.;D:\Program Files (x86)\QuickTime Alternative\QTSystem\QTJava.zip;c:\Program Files\Java\jdk1.7.0_25\lib\dt.jar;c:\Program Files\Java\jdk1.7.0_25\lib\tools.jar;d:\MyProjects\eworkspace\gqqclass;
PATH=c:/Program Files/Java/jdk1.7.0_25/bin/../jre/bin/server;c:/Program Files/Java/jdk1.7.0_25/bin/../jre/bin;c:/Program Files/Java/jdk1.7.0_25/bin/../jre/lib/amd64;c:\Program Files\Java\jdk1.7.0_25\bin\;c:\Program Files\Java\jdk1.7.0_25\jre\bin;C:\Program Files (x86)\NVIDIA Corporation\PhysX\Common;C:\Windows\system32;C:\Windows;C:\Windows\System32\Wbem;C:\Windows\System32\WindowsPowerShell\v1.0\;C:\Program Files\Intel\WiFi\bin\;C:\Program Files\Common Files\Intel\WirelessCommon\;C:\Program Files (x86)\Intel\Services\IPT\;C:\Program Files (x86)\Microsoft SQL Server\100\Tools\Binn\;C:\Program Files\Microsoft SQL Server\100\Tools\Binn\;C:\Program Files\Microsoft SQL Server\100\DTS\Binn\;C:\Program Files (x86)\Common Files\Acronis\SnapAPI\;C:\Program Files (x86)\Windows Live\Shared;C:\Program Files (x86)\Microsoft ASP.NET\ASP.NET Web Pages\v1.0\;D:\Program Files (x86)\QuickTime Alternative\QTSystem\;C:\Program Files\MySQL\MySQL Server 5.5\bin;C:\Program Files\Microsoft SQL Server\110\Tools\Binn\;C:\Program Files\Microsoft\Web Platform Installer\;C:\Program Files (x86)\Windows Kits\8.0\Windows Performance Toolkit\;C:\Program Files (x86)\Microsoft SQL Server\110\Tools\Binn\;C:\Program Files\Microsoft SQL Server\110\DTS\Binn\;C:\Program Files (x86)\Microsoft SQL Server\110\Tools\Binn\ManagementStudio\;C:\Program Files (x86)\Microsoft SQL Server\110\DTS\Binn\;C:\Program Files (x86)\Rational\Common;C:\Program Files\TortoiseSVN\bin;D:\Program Files\TortoiseGit\bin;D:\msysgit\msysgit;C:\Python27\;D:\Android\android-sdk;C:\Program Files\Intel\WiFi\bin\;C:\Program Files\Common Files\Intel\WirelessCommon\;.;;.;;.;;.;;.;;d:\green\eclipse;;.;
USERNAME=gqq
OS=Windows_NT
PROCESSOR_IDENTIFIER=Intel64 Family 6 Model 42 Stepping 7, GenuineIntel



---------------  S Y S T E M  ---------------

OS: Windows 7 , 64 bit Build 7601 Service Pack 1

CPU:total 4 (2 cores per cpu, 2 threads per core) family 6 model 42 stepping 7, cmov, cx8, fxsr, mmx, sse, sse2, sse3, ssse3, sse4.1, sse4.2, popcnt, avx, ht, tsc, tscinvbit

Memory: 4k page, physical 6171888k(896644k free), swap 12341912k(5500840k free)

vm_info: Java HotSpot(TM) 64-Bit Server VM (23.25-b01) for windows-amd64 JRE (1.7.0_25-b16), built on Jun 12 2013 16:42:02 by "java_re" with unknown MS VC++:1600

time: Tue Apr 08 15:16:27 2014
elapsed time: 0 seconds

